<?xml version="1.0" encoding="UTF-8"?>
<testsuite xmlns:xsi="http://www.w3.org/2001/XMLSchema-instance" xsi:noNamespaceSchemaLocation="https://maven.apache.org/surefire/maven-surefire-plugin/xsd/surefire-test-report-3.0.xsd" version="3.0" name="com.erp.web.web.DashboardControllerApiTest" time="0.75" tests="2" errors="0" skipped="0" failures="0">
  <properties>
[...]
</properties>
  <testcase name="dashboardSummaryReturns401WhenUnauthenticated" classname="com.erp.web.web.DashboardControllerApiTest" time="0.655">
    <system-out><![CDATA[23:53:58.016 [main] INFO org.springframework.mock.web.MockServletContext -- Initializing Spring TestDispatcherServlet ''
23:53:58.023 [main] INFO org.springframework.test.web.servlet.TestDispatcherServlet -- Initializing Servlet ''
23:53:58.029 [main] INFO org.springframework.test.web.servlet.TestDispatcherServlet -- Completed initialization in 6 ms
]]></system-out>
  </testcase>
  <testcase name="dashboardSummaryReturnsLivePayloadWhenAuthenticated" classname="com.erp.web.web.DashboardControllerApiTest" time="0.095">
    <system-out><![CDATA[23:53:58.103 [main] INFO org.springframework.mock.web.MockServletContext -- Initializing Spring TestDispatcherServlet ''
23:53:58.103 [main] INFO org.springframework.test.web.servlet.TestDispatcherServlet -- Initializing Servlet ''
23:53:58.103 [main] INFO org.springframework.test.web.servlet.TestDispatcherServlet -- Completed initialization in 0 ms
]]></system-out>
  </testcase>
</testsuite>